Loading SD model
SD model loaded
Number of frames:  24
Done!
Zeem6k2bDFk_6_0, He is old, he has beard, he is bald.: DOVER:0.8340624642495528, Text-Video:19.444499413172405, Temporal:0.9844462949296703
Loading SD model
SD model loaded
Number of frames:  24
Done!
Zeem6k2bDFk_6_0, She is young.: DOVER:0.8530117114144994, Text-Video:18.21783423423767, Temporal:0.9772945694301439
Loading SD model
SD model loaded
Number of frames:  24
Done!
Zeem6k2bDFk_6_0, He is young, he has beard.: DOVER:0.837308233326889, Text-Video:20.116404851277668, Temporal:0.9728118103483449
Loading SD model
SD model loaded
Number of frames:  24
Done!
Zeem6k2bDFk_6_0, He is young, he is bald.: DOVER:0.8224600078488162, Text-Video:25.287734031677246, Temporal:0.9816486524498981
Loading SD model
SD model loaded
Number of frames:  24
Done!
v1OzyGbBM_o_5_0, She is old.: DOVER:0.720400202301863, Text-Video:18.056491533915203, Temporal:0.9861737126889436
Loading SD model
SD model loaded
Number of frames:  24
Done!
v1OzyGbBM_o_5_0, He is young, he has beard.: DOVER:0.745345234795952, Text-Video:18.55406387646993, Temporal:0.9895590725152389
Loading SD model
SD model loaded
Number of frames:  24
Done!
v1OzyGbBM_o_5_0, She is young, she has beard.: DOVER:0.7485330898210474, Text-Video:18.291422367095947, Temporal:0.9879856550175211
Loading SD model
SD model loaded
Number of frames:  24
Done!
v1OzyGbBM_o_5_0, She is young, she is bald.: DOVER:0.6149218256819613, Text-Video:21.656877438227337, Temporal:0.9797234016916027
Loading SD model
SD model loaded
Number of frames:  24
Done!
vGi5mcULgz8_4_0, A man is old, he has beard, he is bald.: DOVER:0.7522024361476182, Text-Video:20.494242747624714, Temporal:0.9872108438740606
Loading SD model
SD model loaded
Number of frames:  24
Done!
vGi5mcULgz8_4_0, A woman is young.: DOVER:0.7613721942029037, Text-Video:16.72403021653493, Temporal:0.9863368091375931
Loading SD model
SD model loaded
Number of frames:  24
Done!
vGi5mcULgz8_4_0, A man is young.: DOVER:0.5952906398333181, Text-Video:15.532867829004923, Temporal:0.9914241484973741
Loading SD model
SD model loaded
Number of frames:  24
Done!
vGi5mcULgz8_4_0, A man is young, he has beard, he is bald.: DOVER:0.7564607972452205, Text-Video:21.89338747660319, Temporal:0.9888705352078313
Loading SD model
SD model loaded
Number of frames:  24
Done!
vhw3uKg9SJE_25_0, This woman is old.: DOVER:0.7317758773090586, Text-Video:18.82789953549703, Temporal:0.9885389856670214
Loading SD model
SD model loaded
Number of frames:  24
Done!
vhw3uKg9SJE_25_0, This man is young, he has beard.: DOVER:0.7661001856678613, Text-Video:19.137903610865276, Temporal:0.9872079025144163
Loading SD model
SD model loaded
Number of frames:  24
Done!
vhw3uKg9SJE_25_0, This woman is young, she has beard.: DOVER:0.7849794861828057, Text-Video:14.3548530737559, Temporal:0.9898784704830336
Loading SD model
SD model loaded
Number of frames:  24
Done!
vhw3uKg9SJE_25_0, This woman is young, she is bald.: DOVER:0.7479308026501601, Text-Video:20.097964843114216, Temporal:0.9857730373092319
Loading SD model
SD model loaded
Number of frames:  24
Done!
vMkIT1SycG8_14_1, She is old.: DOVER:0.857487333216834, Text-Video:20.629131476084392, Temporal:0.9832408583682516
Loading SD model
SD model loaded
Number of frames:  24
Done!
vMkIT1SycG8_14_1, He is young, he has beard.: DOVER:0.875306664070667, Text-Video:18.9994322458903, Temporal:0.9831407251565353
Loading SD model
SD model loaded
Number of frames:  24
Done!
vMkIT1SycG8_14_1, She is young, she has beard.: DOVER:0.8410401057822692, Text-Video:17.698902130126953, Temporal:0.9875546641971754
Loading SD model
SD model loaded
Number of frames:  24
Done!
vMkIT1SycG8_14_1, She is young, she is bald.: DOVER:0.762442664481245, Text-Video:24.279026587804157, Temporal:0.9878779571989308
Loading SD model
SD model loaded
Number of frames:  24
Done!
Xky1vMyIYE8_6_0, She is young.: DOVER:0.8004379308263975, Text-Video:18.90187358856201, Temporal:0.9866625381552655
Loading SD model
SD model loaded
Number of frames:  24
Done!
Xky1vMyIYE8_6_0, He is old, he has beard, he is bald.: DOVER:0.8730596814849603, Text-Video:22.689247608184814, Temporal:0.9865140914916992
Loading SD model
SD model loaded
Number of frames:  24
